<?xml version="1.0" encoding="UTF-8"?>
<!-- Generated by org.testng.reporters.JUnitXMLReporter -->
<testsuite hostname="LAPTOP-Q8UQAUDS" ignored="2" name="Test1" tests="5" failures="0" timestamp="2023-05-19T09:00:10 IST" time="0.173" errors="0">
  <testcase name="Test2" time="0.029" classname="testNG.Run_failed_test"/>
  <testcase name="Test3" time="0.002" classname="testNG.Run_failed_test"/>
  <testcase name="Test4" time="0.002" classname="testNG.Run_failed_test"/>
  <testcase name="Test6" time="0.003" classname="testNG.Run_failed_test"/>
  <testcase name="Test7" time="0.002" classname="testNG.Run_failed_test"/>
  <testcase name="Test1" time="0.0" classname="testNG.Run_failed_test">
    <ignored/>
  </testcase> <!-- Test1 -->
  <testcase name="Test5" time="0.0" classname="testNG.Run_failed_test">
    <ignored/>
  </testcase> <!-- Test5 -->
</testsuite> <!-- Test1 -->
