<?xml version="1.0" encoding="UTF-8"?>
<!-- Generated by org.testng.reporters.JUnitXMLReporter -->
<testsuite hostname="LAPTOP-Q8UQAUDS" ignored="0" name="Test" tests="12" failures="0" timestamp="2023-05-25T08:54:31 IST" time="0.157" errors="0">
  <testcase name="Test1" time="0.017" classname="testNG.Grouping_TC2"/>
  <testcase name="Test10" time="0.001" classname="testNG.Grouping_TC2"/>
  <testcase name="Test11" time="0.002" classname="testNG.Grouping_TC2"/>
  <testcase name="Test12" time="0.003" classname="testNG.Grouping_TC2"/>
  <testcase name="Test2" time="0.002" classname="testNG.Grouping_TC2"/>
  <testcase name="Test3" time="0.002" classname="testNG.Grouping_TC2"/>
  <testcase name="Test4" time="0.002" classname="testNG.Grouping_TC2"/>
  <testcase name="Test5" time="0.001" classname="testNG.Grouping_TC2"/>
  <testcase name="Test6" time="0.002" classname="testNG.Grouping_TC2"/>
  <testcase name="Test7" time="0.009" classname="testNG.Grouping_TC2"/>
  <testcase name="Test8" time="0.007" classname="testNG.Grouping_TC2"/>
  <testcase name="Test9" time="0.001" classname="testNG.Grouping_TC2"/>
</testsuite> <!-- Test -->
