<?xml version="1.0" encoding="UTF-8"?>
<!-- Generated by org.testng.reporters.JUnitXMLReporter -->
<testsuite hostname="LAPTOP-Q8UQAUDS" ignored="5" name="Default test(failed)(failed)" tests="2" failures="0" timestamp="2023-05-19T08:41:58 IST" time="0.149" errors="0">
  <testcase name="Test3" time="0.019" classname="testNG.Run_failed_test"/>
  <testcase name="Test5" time="0.003" classname="testNG.Run_failed_test"/>
  <testcase name="Test4" time="0.0" classname="testNG.Run_failed_test">
    <ignored/>
  </testcase> <!-- Test4 -->
  <testcase name="Test1" time="0.0" classname="testNG.Run_failed_test">
    <ignored/>
  </testcase> <!-- Test1 -->
  <testcase name="Test2" time="0.0" classname="testNG.Run_failed_test">
    <ignored/>
  </testcase> <!-- Test2 -->
  <testcase name="Test7" time="0.0" classname="testNG.Run_failed_test">
    <ignored/>
  </testcase> <!-- Test7 -->
  <testcase name="Test6" time="0.0" classname="testNG.Run_failed_test">
    <ignored/>
  </testcase> <!-- Test6 -->
</testsuite> <!-- Default test(failed)(failed) -->
