<?xml version="1.0" encoding="UTF-8"?>
<!-- Generated by org.testng.reporters.JUnitXMLReporter -->
<testsuite hostname="LAPTOP-Q8UQAUDS" ignored="20" name="Test1" tests="6" failures="0" timestamp="2023-05-23T08:32:20 IST" time="0.224" errors="0">
  <testcase name="Test1" time="0.04" classname="testNG.Grouping_TC"/>
  <testcase name="Test5" time="0.005" classname="testNG.Grouping_TC"/>
  <testcase name="Test7" time="0.004" classname="testNG.Grouping_TC"/>
  <testcase name="Test10" time="0.005" classname="testNG.Grouping_TC2"/>
  <testcase name="Test11" time="0.002" classname="testNG.Grouping_TC2"/>
  <testcase name="Test12" time="0.002" classname="testNG.Grouping_TC2"/>
  <testcase name="Test4" time="0.0" classname="testNG.Grouping_TC">
    <ignored/>
  </testcase> <!-- Test4 -->
  <testcase name="Test3" time="0.0" classname="testNG.Grouping_TC">
    <ignored/>
  </testcase> <!-- Test3 -->
  <testcase name="Test10" time="0.0" classname="testNG.Grouping_TC">
    <ignored/>
  </testcase> <!-- Test10 -->
  <testcase name="Test2" time="0.0" classname="testNG.Grouping_TC">
    <ignored/>
  </testcase> <!-- Test2 -->
  <testcase name="Test11" time="0.0" classname="testNG.Grouping_TC">
    <ignored/>
  </testcase> <!-- Test11 -->
  <testcase name="Test8" time="0.0" classname="testNG.Grouping_TC">
    <ignored/>
  </testcase> <!-- Test8 -->
  <testcase name="Test12" time="0.0" classname="testNG.Grouping_TC">
    <ignored/>
  </testcase> <!-- Test12 -->
  <testcase name="Test13" time="0.0" classname="testNG.Grouping_TC">
    <ignored/>
  </testcase> <!-- Test13 -->
  <testcase name="Test14" time="0.0" classname="testNG.Grouping_TC">
    <ignored/>
  </testcase> <!-- Test14 -->
  <testcase name="Test6" time="0.0" classname="testNG.Grouping_TC">
    <ignored/>
  </testcase> <!-- Test6 -->
  <testcase name="Test2" time="0.0" classname="testNG.Grouping_TC2">
    <ignored/>
  </testcase> <!-- Test2 -->
  <testcase name="Test5" time="0.0" classname="testNG.Grouping_TC2">
    <ignored/>
  </testcase> <!-- Test5 -->
  <testcase name="Test4" time="0.0" classname="testNG.Grouping_TC2">
    <ignored/>
  </testcase> <!-- Test4 -->
  <testcase name="Test6" time="0.0" classname="testNG.Grouping_TC2">
    <ignored/>
  </testcase> <!-- Test6 -->
  <testcase name="Test9" time="0.0" classname="testNG.Grouping_TC2">
    <ignored/>
  </testcase> <!-- Test9 -->
  <testcase name="Test8" time="0.0" classname="testNG.Grouping_TC2">
    <ignored/>
  </testcase> <!-- Test8 -->
  <testcase name="Test3" time="0.0" classname="testNG.Grouping_TC2">
    <ignored/>
  </testcase> <!-- Test3 -->
  <testcase name="Test7" time="0.0" classname="testNG.Grouping_TC2">
    <ignored/>
  </testcase> <!-- Test7 -->
  <testcase name="Test1" time="0.0" classname="testNG.Grouping_TC2">
    <ignored/>
  </testcase> <!-- Test1 -->
  <testcase name="Test9" time="0.0" classname="testNG.Grouping_TC">
    <ignored/>
  </testcase> <!-- Test9 -->
</testsuite> <!-- Test1 -->
